C:\USERS\ИГОРЬ\DOCUMENTS\ПКШ2017\ЛЕКЦИИ18\ПКШ_2018\ПКШ2018_ЛЕКЦИИ\ПКШ2018_Л8\ЛЕКЦИЯ8\OVERLOADINGCONVERSITION\DEBUG\VC110.PDB
C:\USERS\Игорь\DOCUMENTS\ПКШ2017\Лекции18\ПКШ_2018\ПКШ2018_Лекции\ПКШ2018_Л8\Лекция8\OVERLOADINGCONVERSITION\DEBUG\OVERLOADINGCONVERSATION.OBJ
C:\USERS\Игорь\DOCUMENTS\ПКШ2017\Лекции18\ПКШ_2018\ПКШ2018_Лекции\ПКШ2018_Л8\Лекция8\DEBUG\OVERLOADINGCONVERSITION.ILK
C:\USERS\Игорь\DOCUMENTS\ПКШ2017\Лекции18\ПКШ_2018\ПКШ2018_Лекции\ПКШ2018_Л8\Лекция8\DEBUG\OVERLOADINGCONVERSITION.EXE
C:\USERS\ИГОРЬ\DOCUMENTS\ПКШ2017\ЛЕКЦИИ18\ПКШ_2018\ПКШ2018_ЛЕКЦИИ\ПКШ2018_Л8\ЛЕКЦИЯ8\DEBUG\OVERLOADINGCONVERSITION.PDB
C:\Users\Игорь\Documents\ПКШ2017\Лекции18\ПКШ_2018\ПКШ2018_Лекции\ПКШ2018_Л8\Лекция8\OverloadingConversition\Debug\overloadingConversation.obj
C:\Users\Игорь\Documents\ПКШ2017\Лекции18\ПКШ_2018\ПКШ2018_Лекции\ПКШ2018_Л8\Лекция8\OverloadingConversition\Debug\cl.command.1.tlog
C:\Users\Игорь\Documents\ПКШ2017\Лекции18\ПКШ_2018\ПКШ2018_Лекции\ПКШ2018_Л8\Лекция8\OverloadingConversition\Debug\CL.read.1.tlog
C:\Users\Игорь\Documents\ПКШ2017\Лекции18\ПКШ_2018\ПКШ2018_Лекции\ПКШ2018_Л8\Лекция8\OverloadingConversition\Debug\CL.write.1.tlog
C:\Users\Игорь\Documents\ПКШ2017\Лекции18\ПКШ_2018\ПКШ2018_Лекции\ПКШ2018_Л8\Лекция8\OverloadingConversition\Debug\link-cvtres.read.1.tlog
C:\Users\Игорь\Documents\ПКШ2017\Лекции18\ПКШ_2018\ПКШ2018_Лекции\ПКШ2018_Л8\Лекция8\OverloadingConversition\Debug\link-cvtres.write.1.tlog
C:\Users\Игорь\Documents\ПКШ2017\Лекции18\ПКШ_2018\ПКШ2018_Лекции\ПКШ2018_Л8\Лекция8\OverloadingConversition\Debug\link-rc.read.1.tlog
C:\Users\Игорь\Documents\ПКШ2017\Лекции18\ПКШ_2018\ПКШ2018_Лекции\ПКШ2018_Л8\Лекция8\OverloadingConversition\Debug\link-rc.write.1.tlog
C:\Users\Игорь\Documents\ПКШ2017\Лекции18\ПКШ_2018\ПКШ2018_Лекции\ПКШ2018_Л8\Лекция8\OverloadingConversition\Debug\link.command.1.tlog
C:\Users\Игорь\Documents\ПКШ2017\Лекции18\ПКШ_2018\ПКШ2018_Лекции\ПКШ2018_Л8\Лекция8\OverloadingConversition\Debug\link.read.1.tlog
C:\Users\Игорь\Documents\ПКШ2017\Лекции18\ПКШ_2018\ПКШ2018_Лекции\ПКШ2018_Л8\Лекция8\OverloadingConversition\Debug\link.write.1.tlog
C:\Users\Игорь\Documents\ПКШ2017\Лекции18\ПКШ_2018\ПКШ2018_Лекции\ПКШ2018_Л8\Лекция8\OverloadingConversition\Debug\vc110.idb
C:\Users\Игорь\Documents\ПКШ2017\Лекции18\ПКШ_2018\ПКШ2018_Лекции\ПКШ2018_Л8\Лекция8\OverloadingConversition\Debug\vc110.pdb
C:\Users\Игорь\Documents\ПКШ2017\Лекции18\ПКШ_2018\ПКШ2018_Лекции\ПКШ2018_Л8\Лекция8\Debug\OverloadingConversition.pdb
C:\Users\Игорь\Documents\ПКШ2017\Лекции18\ПКШ_2018\ПКШ2018_Лекции\ПКШ2018_Л8\Лекция8\Debug\OverloadingConversition.exe
C:\Users\Игорь\Documents\ПКШ2017\Лекции18\ПКШ_2018\ПКШ2018_Лекции\ПКШ2018_Л8\Лекция8\Debug\OverloadingConversition.ilk
