C:\USERS\Игорь\DOCUMENTS\ПКШ2017\Лекции18\ПКШ_2018\ПКШ2018_Лекции\ПКШ2018_Л4\BADVOIDPOINTER\BADVOIDPOINTER\DEBUG\BADVOIDPOINTER.OBJ
C:\USERS\ИГОРЬ\DOCUMENTS\ПКШ2017\ЛЕКЦИИ18\ПКШ_2018\ПКШ2018_ЛЕКЦИИ\ПКШ2018_Л4\BADVOIDPOINTER\BADVOIDPOINTER\DEBUG\VC110.PDB
C:\USERS\Игорь\DOCUMENTS\ПКШ2017\Лекции18\ПКШ_2018\ПКШ2018_Лекции\ПКШ2018_Л4\BADVOIDPOINTER\DEBUG\BADVOIDPOINTER.ILK
C:\USERS\Игорь\DOCUMENTS\ПКШ2017\Лекции18\ПКШ_2018\ПКШ2018_Лекции\ПКШ2018_Л4\BADVOIDPOINTER\DEBUG\BADVOIDPOINTER.EXE
C:\USERS\ИГОРЬ\DOCUMENTS\ПКШ2017\ЛЕКЦИИ18\ПКШ_2018\ПКШ2018_ЛЕКЦИИ\ПКШ2018_Л4\BADVOIDPOINTER\DEBUG\BADVOIDPOINTER.PDB
C:\Users\Игорь\Documents\ПКШ2017\Лекции18\ПКШ_2018\ПКШ2018_Лекции\ПКШ2018_Л4\BadVoidPointer\BadVoidPointer\Debug\BadVoidPointer.obj
C:\Users\Игорь\Documents\ПКШ2017\Лекции18\ПКШ_2018\ПКШ2018_Лекции\ПКШ2018_Л4\BadVoidPointer\BadVoidPointer\Debug\cl.command.1.tlog
C:\Users\Игорь\Documents\ПКШ2017\Лекции18\ПКШ_2018\ПКШ2018_Лекции\ПКШ2018_Л4\BadVoidPointer\BadVoidPointer\Debug\CL.read.1.tlog
C:\Users\Игорь\Documents\ПКШ2017\Лекции18\ПКШ_2018\ПКШ2018_Лекции\ПКШ2018_Л4\BadVoidPointer\BadVoidPointer\Debug\CL.write.1.tlog
C:\Users\Игорь\Documents\ПКШ2017\Лекции18\ПКШ_2018\ПКШ2018_Лекции\ПКШ2018_Л4\BadVoidPointer\BadVoidPointer\Debug\link-cvtres.read.1.tlog
C:\Users\Игорь\Documents\ПКШ2017\Лекции18\ПКШ_2018\ПКШ2018_Лекции\ПКШ2018_Л4\BadVoidPointer\BadVoidPointer\Debug\link-cvtres.write.1.tlog
C:\Users\Игорь\Documents\ПКШ2017\Лекции18\ПКШ_2018\ПКШ2018_Лекции\ПКШ2018_Л4\BadVoidPointer\BadVoidPointer\Debug\link-rc.read.1.tlog
C:\Users\Игорь\Documents\ПКШ2017\Лекции18\ПКШ_2018\ПКШ2018_Лекции\ПКШ2018_Л4\BadVoidPointer\BadVoidPointer\Debug\link-rc.write.1.tlog
C:\Users\Игорь\Documents\ПКШ2017\Лекции18\ПКШ_2018\ПКШ2018_Лекции\ПКШ2018_Л4\BadVoidPointer\BadVoidPointer\Debug\link.command.1.tlog
C:\Users\Игорь\Documents\ПКШ2017\Лекции18\ПКШ_2018\ПКШ2018_Лекции\ПКШ2018_Л4\BadVoidPointer\BadVoidPointer\Debug\link.read.1.tlog
C:\Users\Игорь\Documents\ПКШ2017\Лекции18\ПКШ_2018\ПКШ2018_Лекции\ПКШ2018_Л4\BadVoidPointer\BadVoidPointer\Debug\link.write.1.tlog
C:\Users\Игорь\Documents\ПКШ2017\Лекции18\ПКШ_2018\ПКШ2018_Лекции\ПКШ2018_Л4\BadVoidPointer\BadVoidPointer\Debug\vc110.idb
C:\Users\Игорь\Documents\ПКШ2017\Лекции18\ПКШ_2018\ПКШ2018_Лекции\ПКШ2018_Л4\BadVoidPointer\BadVoidPointer\Debug\vc110.pdb
C:\Users\Игорь\Documents\ПКШ2017\Лекции18\ПКШ_2018\ПКШ2018_Лекции\ПКШ2018_Л4\BadVoidPointer\Debug\BadVoidPointer.pdb
C:\Users\Игорь\Documents\ПКШ2017\Лекции18\ПКШ_2018\ПКШ2018_Лекции\ПКШ2018_Л4\BadVoidPointer\Debug\BadVoidPointer.exe
C:\Users\Игорь\Documents\ПКШ2017\Лекции18\ПКШ_2018\ПКШ2018_Лекции\ПКШ2018_Л4\BadVoidPointer\Debug\BadVoidPointer.ilk
