C:\USERS\Игорь\DOCUMENTS\ПКШ2017\Лекции18\ПКШ_2018\ПКШ2018_Лекции\ПКШ2018_Л8\Лекция8\EXPLICITKEYWORD\DEBUG\EXPLICITKEYWORD.OBJ
C:\USERS\ИГОРЬ\DOCUMENTS\ПКШ2017\ЛЕКЦИИ18\ПКШ_2018\ПКШ2018_ЛЕКЦИИ\ПКШ2018_Л8\ЛЕКЦИЯ8\EXPLICITKEYWORD\DEBUG\VC110.PDB
C:\USERS\Игорь\DOCUMENTS\ПКШ2017\Лекции18\ПКШ_2018\ПКШ2018_Лекции\ПКШ2018_Л8\Лекция8\DEBUG\EXPLICITKEYWORD.ILK
C:\USERS\Игорь\DOCUMENTS\ПКШ2017\Лекции18\ПКШ_2018\ПКШ2018_Лекции\ПКШ2018_Л8\Лекция8\DEBUG\EXPLICITKEYWORD.EXE
C:\USERS\ИГОРЬ\DOCUMENTS\ПКШ2017\ЛЕКЦИИ18\ПКШ_2018\ПКШ2018_ЛЕКЦИИ\ПКШ2018_Л8\ЛЕКЦИЯ8\DEBUG\EXPLICITKEYWORD.PDB
C:\Users\Игорь\Documents\ПКШ2017\Лекции18\ПКШ_2018\ПКШ2018_Лекции\ПКШ2018_Л8\Лекция8\ExplicitKeyword\Debug\ExplicitKeyword.obj
C:\Users\Игорь\Documents\ПКШ2017\Лекции18\ПКШ_2018\ПКШ2018_Лекции\ПКШ2018_Л8\Лекция8\ExplicitKeyword\Debug\cl.command.1.tlog
C:\Users\Игорь\Documents\ПКШ2017\Лекции18\ПКШ_2018\ПКШ2018_Лекции\ПКШ2018_Л8\Лекция8\ExplicitKeyword\Debug\CL.read.1.tlog
C:\Users\Игорь\Documents\ПКШ2017\Лекции18\ПКШ_2018\ПКШ2018_Лекции\ПКШ2018_Л8\Лекция8\ExplicitKeyword\Debug\CL.write.1.tlog
C:\Users\Игорь\Documents\ПКШ2017\Лекции18\ПКШ_2018\ПКШ2018_Лекции\ПКШ2018_Л8\Лекция8\ExplicitKeyword\Debug\link-cvtres.read.1.tlog
C:\Users\Игорь\Documents\ПКШ2017\Лекции18\ПКШ_2018\ПКШ2018_Лекции\ПКШ2018_Л8\Лекция8\ExplicitKeyword\Debug\link-cvtres.write.1.tlog
C:\Users\Игорь\Documents\ПКШ2017\Лекции18\ПКШ_2018\ПКШ2018_Лекции\ПКШ2018_Л8\Лекция8\ExplicitKeyword\Debug\link-rc.read.1.tlog
C:\Users\Игорь\Documents\ПКШ2017\Лекции18\ПКШ_2018\ПКШ2018_Лекции\ПКШ2018_Л8\Лекция8\ExplicitKeyword\Debug\link-rc.write.1.tlog
C:\Users\Игорь\Documents\ПКШ2017\Лекции18\ПКШ_2018\ПКШ2018_Лекции\ПКШ2018_Л8\Лекция8\ExplicitKeyword\Debug\link.command.1.tlog
C:\Users\Игорь\Documents\ПКШ2017\Лекции18\ПКШ_2018\ПКШ2018_Лекции\ПКШ2018_Л8\Лекция8\ExplicitKeyword\Debug\link.read.1.tlog
C:\Users\Игорь\Documents\ПКШ2017\Лекции18\ПКШ_2018\ПКШ2018_Лекции\ПКШ2018_Л8\Лекция8\ExplicitKeyword\Debug\link.write.1.tlog
C:\Users\Игорь\Documents\ПКШ2017\Лекции18\ПКШ_2018\ПКШ2018_Лекции\ПКШ2018_Л8\Лекция8\ExplicitKeyword\Debug\vc110.idb
C:\Users\Игорь\Documents\ПКШ2017\Лекции18\ПКШ_2018\ПКШ2018_Лекции\ПКШ2018_Л8\Лекция8\ExplicitKeyword\Debug\vc110.pdb
C:\Users\Игорь\Documents\ПКШ2017\Лекции18\ПКШ_2018\ПКШ2018_Лекции\ПКШ2018_Л8\Лекция8\Debug\ExplicitKeyword.pdb
C:\Users\Игорь\Documents\ПКШ2017\Лекции18\ПКШ_2018\ПКШ2018_Лекции\ПКШ2018_Л8\Лекция8\Debug\ExplicitKeyword.exe
C:\Users\Игорь\Documents\ПКШ2017\Лекции18\ПКШ_2018\ПКШ2018_Лекции\ПКШ2018_Л8\Лекция8\Debug\ExplicitKeyword.ilk
