C:\USERS\ИГОРЬ\DOCUMENTS\ПКШ2017\ЛЕКЦИИ18\ЛР_1\MYEXECREFSLIB_1\MYEXECREFSLIB_1\DEBUG\VC110.PDB
C:\USERS\Игорь\DOCUMENTS\ПКШ2017\Лекции18\ЛР_1\MYEXECREFSLIB_1\MYEXECREFSLIB_1\DEBUG\MYEXECREFSLIB.OBJ
C:\USERS\Игорь\DOCUMENTS\ПКШ2017\Лекции18\ЛР_1\MYEXECREFSLIB_1\DEBUG\MYEXECREFSLIB_1.ILK
C:\USERS\Игорь\DOCUMENTS\ПКШ2017\Лекции18\ЛР_1\MYEXECREFSLIB_1\DEBUG\MYEXECREFSLIB_1.EXE
C:\USERS\ИГОРЬ\DOCUMENTS\ПКШ2017\ЛЕКЦИИ18\ЛР_1\MYEXECREFSLIB_1\DEBUG\MYEXECREFSLIB_1.PDB
C:\Users\Игорь\Documents\ПКШ2017\Лекции18\ЛР_1\MyExecRefsLib_1\MyExecRefsLib_1\Debug\MyExecRefsLib.obj
C:\Users\Игорь\Documents\ПКШ2017\Лекции18\ЛР_1\MyExecRefsLib_1\MyExecRefsLib_1\Debug\cl.command.1.tlog
C:\Users\Игорь\Documents\ПКШ2017\Лекции18\ЛР_1\MyExecRefsLib_1\MyExecRefsLib_1\Debug\CL.read.1.tlog
C:\Users\Игорь\Documents\ПКШ2017\Лекции18\ЛР_1\MyExecRefsLib_1\MyExecRefsLib_1\Debug\CL.write.1.tlog
C:\Users\Игорь\Documents\ПКШ2017\Лекции18\ЛР_1\MyExecRefsLib_1\MyExecRefsLib_1\Debug\link-cvtres.read.1.tlog
C:\Users\Игорь\Documents\ПКШ2017\Лекции18\ЛР_1\MyExecRefsLib_1\MyExecRefsLib_1\Debug\link-cvtres.write.1.tlog
C:\Users\Игорь\Documents\ПКШ2017\Лекции18\ЛР_1\MyExecRefsLib_1\MyExecRefsLib_1\Debug\link-rc.read.1.tlog
C:\Users\Игорь\Documents\ПКШ2017\Лекции18\ЛР_1\MyExecRefsLib_1\MyExecRefsLib_1\Debug\link-rc.write.1.tlog
C:\Users\Игорь\Documents\ПКШ2017\Лекции18\ЛР_1\MyExecRefsLib_1\MyExecRefsLib_1\Debug\link.command.1.tlog
C:\Users\Игорь\Documents\ПКШ2017\Лекции18\ЛР_1\MyExecRefsLib_1\MyExecRefsLib_1\Debug\link.read.1.tlog
C:\Users\Игорь\Documents\ПКШ2017\Лекции18\ЛР_1\MyExecRefsLib_1\MyExecRefsLib_1\Debug\link.read.2.tlog
C:\Users\Игорь\Documents\ПКШ2017\Лекции18\ЛР_1\MyExecRefsLib_1\MyExecRefsLib_1\Debug\link.write.1.tlog
C:\Users\Игорь\Documents\ПКШ2017\Лекции18\ЛР_1\MyExecRefsLib_1\MyExecRefsLib_1\Debug\vc110.idb
C:\Users\Игорь\Documents\ПКШ2017\Лекции18\ЛР_1\MyExecRefsLib_1\MyExecRefsLib_1\Debug\vc110.pdb
C:\Users\Игорь\Documents\ПКШ2017\Лекции18\ЛР_1\MyExecRefsLib_1\Debug\MyExecRefsLib_1.pdb
C:\Users\Игорь\Documents\ПКШ2017\Лекции18\ЛР_1\MyExecRefsLib_1\Debug\MyExecRefsLib_1.exe
C:\Users\Игорь\Documents\ПКШ2017\Лекции18\ЛР_1\MyExecRefsLib_1\Debug\MyExecRefsLib_1.ilk
