C:\USERS\Игорь\DOCUMENTS\ПКШ2017\Лекции18\ЛР_1\STATICLIBRARY\MYEXECREFSLIB\DEBUG\MYEXECREFSLIB.OBJ
C:\USERS\ИГОРЬ\DOCUMENTS\ПКШ2017\ЛЕКЦИИ18\ЛР_1\STATICLIBRARY\MYEXECREFSLIB\DEBUG\VC110.PDB
C:\USERS\Игорь\DOCUMENTS\ПКШ2017\Лекции18\ЛР_1\STATICLIBRARY\DEBUG\MYEXECREFSLIB.ILK
C:\USERS\Игорь\DOCUMENTS\ПКШ2017\Лекции18\ЛР_1\STATICLIBRARY\DEBUG\MYEXECREFSLIB.EXE
C:\USERS\ИГОРЬ\DOCUMENTS\ПКШ2017\ЛЕКЦИИ18\ЛР_1\STATICLIBRARY\DEBUG\MYEXECREFSLIB.PDB
C:\Users\Игорь\Documents\ПКШ2017\Лекции18\ЛР_1\StaticLibrary\MyExecRefsLib\Debug\MyExecRefsLib.vcxprojResolveAssemblyReference.cache
C:\Users\Игорь\Documents\ПКШ2017\Лекции18\ЛР_1\StaticLibrary\MyExecRefsLib\Debug\MyExecRefsLib.obj
C:\Users\Игорь\Documents\ПКШ2017\Лекции18\ЛР_1\StaticLibrary\MyExecRefsLib\Debug\cl.command.1.tlog
C:\Users\Игорь\Documents\ПКШ2017\Лекции18\ЛР_1\StaticLibrary\MyExecRefsLib\Debug\CL.read.1.tlog
C:\Users\Игорь\Documents\ПКШ2017\Лекции18\ЛР_1\StaticLibrary\MyExecRefsLib\Debug\CL.write.1.tlog
C:\Users\Игорь\Documents\ПКШ2017\Лекции18\ЛР_1\StaticLibrary\MyExecRefsLib\Debug\link-cvtres.read.1.tlog
C:\Users\Игорь\Documents\ПКШ2017\Лекции18\ЛР_1\StaticLibrary\MyExecRefsLib\Debug\link-cvtres.write.1.tlog
C:\Users\Игорь\Documents\ПКШ2017\Лекции18\ЛР_1\StaticLibrary\MyExecRefsLib\Debug\link-rc.read.1.tlog
C:\Users\Игорь\Documents\ПКШ2017\Лекции18\ЛР_1\StaticLibrary\MyExecRefsLib\Debug\link-rc.write.1.tlog
C:\Users\Игорь\Documents\ПКШ2017\Лекции18\ЛР_1\StaticLibrary\MyExecRefsLib\Debug\link.command.1.tlog
C:\Users\Игорь\Documents\ПКШ2017\Лекции18\ЛР_1\StaticLibrary\MyExecRefsLib\Debug\link.read.1.tlog
C:\Users\Игорь\Documents\ПКШ2017\Лекции18\ЛР_1\StaticLibrary\MyExecRefsLib\Debug\link.write.1.tlog
C:\Users\Игорь\Documents\ПКШ2017\Лекции18\ЛР_1\StaticLibrary\MyExecRefsLib\Debug\vc110.idb
C:\Users\Игорь\Documents\ПКШ2017\Лекции18\ЛР_1\StaticLibrary\MyExecRefsLib\Debug\vc110.pdb
C:\Users\Игорь\Documents\ПКШ2017\Лекции18\ЛР_1\StaticLibrary\Debug\MyExecRefsLib.pdb
C:\Users\Игорь\Documents\ПКШ2017\Лекции18\ЛР_1\StaticLibrary\Debug\MyExecRefsLib.exe
C:\Users\Игорь\Documents\ПКШ2017\Лекции18\ЛР_1\StaticLibrary\Debug\MyExecRefsLib.ilk
