C:\USERS\ИГОРЬ\DOCUMENTS\ПКШ2017\ЛЕКЦИИ18\ПКШ_2018\ПКШ2018_ЛЕКЦИИ\ПКШ2018_Л5\STACKTEMPLATE\STACKTEMPLATE\DEBUG\VC110.PDB
C:\USERS\Игорь\DOCUMENTS\ПКШ2017\Лекции18\ПКШ_2018\ПКШ2018_Лекции\ПКШ2018_Л5\STACKTEMPLATE\STACKTEMPLATE\DEBUG\TSTACK2TEST.OBJ
C:\USERS\Игорь\DOCUMENTS\ПКШ2017\Лекции18\ПКШ_2018\ПКШ2018_Лекции\ПКШ2018_Л5\STACKTEMPLATE\DEBUG\STACKTEMPLATE.ILK
C:\USERS\Игорь\DOCUMENTS\ПКШ2017\Лекции18\ПКШ_2018\ПКШ2018_Лекции\ПКШ2018_Л5\STACKTEMPLATE\DEBUG\STACKTEMPLATE.EXE
C:\USERS\ИГОРЬ\DOCUMENTS\ПКШ2017\ЛЕКЦИИ18\ПКШ_2018\ПКШ2018_ЛЕКЦИИ\ПКШ2018_Л5\STACKTEMPLATE\DEBUG\STACKTEMPLATE.PDB
C:\Users\Игорь\Documents\ПКШ2017\Лекции18\ПКШ_2018\ПКШ2018_Лекции\ПКШ2018_Л5\StackTemplate\StackTemplate\Debug\TStack2Test.obj
C:\Users\Игорь\Documents\ПКШ2017\Лекции18\ПКШ_2018\ПКШ2018_Лекции\ПКШ2018_Л5\StackTemplate\StackTemplate\Debug\cl.command.1.tlog
C:\Users\Игорь\Documents\ПКШ2017\Лекции18\ПКШ_2018\ПКШ2018_Лекции\ПКШ2018_Л5\StackTemplate\StackTemplate\Debug\CL.read.1.tlog
C:\Users\Игорь\Documents\ПКШ2017\Лекции18\ПКШ_2018\ПКШ2018_Лекции\ПКШ2018_Л5\StackTemplate\StackTemplate\Debug\CL.write.1.tlog
C:\Users\Игорь\Documents\ПКШ2017\Лекции18\ПКШ_2018\ПКШ2018_Лекции\ПКШ2018_Л5\StackTemplate\StackTemplate\Debug\link-cvtres.read.1.tlog
C:\Users\Игорь\Documents\ПКШ2017\Лекции18\ПКШ_2018\ПКШ2018_Лекции\ПКШ2018_Л5\StackTemplate\StackTemplate\Debug\link-cvtres.write.1.tlog
C:\Users\Игорь\Documents\ПКШ2017\Лекции18\ПКШ_2018\ПКШ2018_Лекции\ПКШ2018_Л5\StackTemplate\StackTemplate\Debug\link-rc.read.1.tlog
C:\Users\Игорь\Documents\ПКШ2017\Лекции18\ПКШ_2018\ПКШ2018_Лекции\ПКШ2018_Л5\StackTemplate\StackTemplate\Debug\link-rc.write.1.tlog
C:\Users\Игорь\Documents\ПКШ2017\Лекции18\ПКШ_2018\ПКШ2018_Лекции\ПКШ2018_Л5\StackTemplate\StackTemplate\Debug\link.command.1.tlog
C:\Users\Игорь\Documents\ПКШ2017\Лекции18\ПКШ_2018\ПКШ2018_Лекции\ПКШ2018_Л5\StackTemplate\StackTemplate\Debug\link.read.1.tlog
C:\Users\Игорь\Documents\ПКШ2017\Лекции18\ПКШ_2018\ПКШ2018_Лекции\ПКШ2018_Л5\StackTemplate\StackTemplate\Debug\link.write.1.tlog
C:\Users\Игорь\Documents\ПКШ2017\Лекции18\ПКШ_2018\ПКШ2018_Лекции\ПКШ2018_Л5\StackTemplate\StackTemplate\Debug\vc110.idb
C:\Users\Игорь\Documents\ПКШ2017\Лекции18\ПКШ_2018\ПКШ2018_Лекции\ПКШ2018_Л5\StackTemplate\StackTemplate\Debug\vc110.pdb
C:\Users\Игорь\Documents\ПКШ2017\Лекции18\ПКШ_2018\ПКШ2018_Лекции\ПКШ2018_Л5\StackTemplate\Debug\StackTemplate.pdb
C:\Users\Игорь\Documents\ПКШ2017\Лекции18\ПКШ_2018\ПКШ2018_Лекции\ПКШ2018_Л5\StackTemplate\Debug\StackTemplate.exe
C:\Users\Игорь\Documents\ПКШ2017\Лекции18\ПКШ_2018\ПКШ2018_Лекции\ПКШ2018_Л5\StackTemplate\Debug\StackTemplate.ilk
