C:\USERS\Игорь\DOCUMENTS\ПКШ2017\Лекции18\ПКШ_2018\ПКШ2018_Лекции\ПКШ2018_Л8\Лекция8\AUTOTYPECONVERSION\DEBUG\AUTOTYPECONVERSION.OBJ
C:\USERS\ИГОРЬ\DOCUMENTS\ПКШ2017\ЛЕКЦИИ18\ПКШ_2018\ПКШ2018_ЛЕКЦИИ\ПКШ2018_Л8\ЛЕКЦИЯ8\AUTOTYPECONVERSION\DEBUG\VC110.PDB
C:\USERS\Игорь\DOCUMENTS\ПКШ2017\Лекции18\ПКШ_2018\ПКШ2018_Лекции\ПКШ2018_Л8\Лекция8\DEBUG\AUTOTYPECONVERSION.ILK
C:\USERS\Игорь\DOCUMENTS\ПКШ2017\Лекции18\ПКШ_2018\ПКШ2018_Лекции\ПКШ2018_Л8\Лекция8\DEBUG\AUTOTYPECONVERSION.EXE
C:\USERS\ИГОРЬ\DOCUMENTS\ПКШ2017\ЛЕКЦИИ18\ПКШ_2018\ПКШ2018_ЛЕКЦИИ\ПКШ2018_Л8\ЛЕКЦИЯ8\DEBUG\AUTOTYPECONVERSION.PDB
C:\Users\Игорь\Documents\ПКШ2017\Лекции18\ПКШ_2018\ПКШ2018_Лекции\ПКШ2018_Л8\Лекция8\AutoTypeConversion\Debug\AutoTypeConversion.obj
C:\Users\Игорь\Documents\ПКШ2017\Лекции18\ПКШ_2018\ПКШ2018_Лекции\ПКШ2018_Л8\Лекция8\AutoTypeConversion\Debug\cl.command.1.tlog
C:\Users\Игорь\Documents\ПКШ2017\Лекции18\ПКШ_2018\ПКШ2018_Лекции\ПКШ2018_Л8\Лекция8\AutoTypeConversion\Debug\CL.read.1.tlog
C:\Users\Игорь\Documents\ПКШ2017\Лекции18\ПКШ_2018\ПКШ2018_Лекции\ПКШ2018_Л8\Лекция8\AutoTypeConversion\Debug\CL.write.1.tlog
C:\Users\Игорь\Documents\ПКШ2017\Лекции18\ПКШ_2018\ПКШ2018_Лекции\ПКШ2018_Л8\Лекция8\AutoTypeConversion\Debug\link-cvtres.read.1.tlog
C:\Users\Игорь\Documents\ПКШ2017\Лекции18\ПКШ_2018\ПКШ2018_Лекции\ПКШ2018_Л8\Лекция8\AutoTypeConversion\Debug\link-cvtres.write.1.tlog
C:\Users\Игорь\Documents\ПКШ2017\Лекции18\ПКШ_2018\ПКШ2018_Лекции\ПКШ2018_Л8\Лекция8\AutoTypeConversion\Debug\link-rc.read.1.tlog
C:\Users\Игорь\Documents\ПКШ2017\Лекции18\ПКШ_2018\ПКШ2018_Лекции\ПКШ2018_Л8\Лекция8\AutoTypeConversion\Debug\link-rc.write.1.tlog
C:\Users\Игорь\Documents\ПКШ2017\Лекции18\ПКШ_2018\ПКШ2018_Лекции\ПКШ2018_Л8\Лекция8\AutoTypeConversion\Debug\link.command.1.tlog
C:\Users\Игорь\Documents\ПКШ2017\Лекции18\ПКШ_2018\ПКШ2018_Лекции\ПКШ2018_Л8\Лекция8\AutoTypeConversion\Debug\link.read.1.tlog
C:\Users\Игорь\Documents\ПКШ2017\Лекции18\ПКШ_2018\ПКШ2018_Лекции\ПКШ2018_Л8\Лекция8\AutoTypeConversion\Debug\link.write.1.tlog
C:\Users\Игорь\Documents\ПКШ2017\Лекции18\ПКШ_2018\ПКШ2018_Лекции\ПКШ2018_Л8\Лекция8\AutoTypeConversion\Debug\vc110.idb
C:\Users\Игорь\Documents\ПКШ2017\Лекции18\ПКШ_2018\ПКШ2018_Лекции\ПКШ2018_Л8\Лекция8\AutoTypeConversion\Debug\vc110.pdb
C:\Users\Игорь\Documents\ПКШ2017\Лекции18\ПКШ_2018\ПКШ2018_Лекции\ПКШ2018_Л8\Лекция8\Debug\AutoTypeConversion.pdb
C:\Users\Игорь\Documents\ПКШ2017\Лекции18\ПКШ_2018\ПКШ2018_Лекции\ПКШ2018_Л8\Лекция8\Debug\AutoTypeConversion.exe
C:\Users\Игорь\Documents\ПКШ2017\Лекции18\ПКШ_2018\ПКШ2018_Лекции\ПКШ2018_Л8\Лекция8\Debug\AutoTypeConversion.ilk
